d:\classlibrary1\classlibrary1\debug\classlibrary1.pch
d:\classlibrary1\classlibrary1\debug\vc141.pdb
d:\classlibrary1\classlibrary1\debug\stdafx.obj
d:\classlibrary1\classlibrary1\debug\classlibrary1.obj
d:\classlibrary1\classlibrary1\debug\assemblyinfo.obj
d:\classlibrary1\classlibrary1\debug\.netframework,version=v4.6.1.assemblyattributes.obj
d:\classlibrary1\classlibrary1\debug\.netframework,version=v4.6.1.assemblyattributes.asm
d:\classlibrary1\debug\classlibrary1.dll
d:\classlibrary1\debug\classlibrary1.pdb
d:\classlibrary1\classlibrary1\debug\app.res
d:\classlibrary1\classlibrary1\debug\classlibrary1.vcxprojresolveassemblyreference.cache
d:\classlibrary1\classlibrary1\debug\classlibrary1.tlog\cl.command.1.tlog
d:\classlibrary1\classlibrary1\debug\classlibrary1.tlog\cl.read.1.tlog
d:\classlibrary1\classlibrary1\debug\classlibrary1.tlog\cl.write.1.tlog
d:\classlibrary1\classlibrary1\debug\classlibrary1.tlog\link.command.1.tlog
d:\classlibrary1\classlibrary1\debug\classlibrary1.tlog\link.read.1.tlog
d:\classlibrary1\classlibrary1\debug\classlibrary1.tlog\link.write.1.tlog
d:\classlibrary1\classlibrary1\debug\classlibrary1.tlog\metagen.read.1.tlog
d:\classlibrary1\classlibrary1\debug\classlibrary1.tlog\metagen.write.1.tlog
d:\classlibrary1\classlibrary1\debug\classlibrary1.tlog\rc.command.1.tlog
d:\classlibrary1\classlibrary1\debug\classlibrary1.tlog\rc.read.1.tlog
d:\classlibrary1\classlibrary1\debug\classlibrary1.tlog\rc.write.1.tlog
d:\classlibrary1\classlibrary1\debug\classlibrary1.tlog\tzres.dll.bi
